<?xml version="1.0" encoding="UTF-8"?>
<!-- Generated by org.testng.reporters.JUnitXMLReporter -->
<testsuite ignored="0" hostname="DESKTOP-SDBG9IR" failures="0" tests="6" name="Default test" time="16.665" errors="0" timestamp="2025-05-18T14:36:40 IST">
  <testcase classname="api.test.DDTTesting" name="testPostuser" time="4.832"/>
  <testcase classname="api.test.DDTTesting" name="testPostuser" time="1.309"/>
  <testcase classname="api.test.DDTTesting" name="testPostuser" time="1.324"/>
  <testcase classname="api.test.DDTTesting" name="testDeleteUserByName" time="1.545"/>
  <testcase classname="api.test.DDTTesting" name="testDeleteUserByName" time="1.336"/>
  <testcase classname="api.test.DDTTesting" name="testDeleteUserByName" time="1.37"/>
</testsuite> <!-- Default test -->
