<?xml version="1.0" encoding="UTF-8"?>
<!-- Generated by org.testng.reporters.JUnitXMLReporter -->
<testsuite ignored="0" hostname="DESKTOP-SDBG9IR" failures="2" tests="10" name="Test" time="26.737" errors="0" timestamp="2025-05-17T23:12:07 IST">
  <testcase classname="api.test.DDTTesting" name="testPostuser" time="6.306"/>
  <testcase classname="api.test.DDTTesting" name="testPostuser" time="2.132"/>
  <testcase classname="api.test.DDTTesting" name="testPostuser" time="1.923"/>
  <testcase classname="api.test.DDTTesting" name="testDeleteUserByName" time="1.701"/>
  <testcase classname="api.test.DDTTesting" name="testDeleteUserByName" time="1.534"/>
  <testcase classname="api.test.DDTTesting" name="testDeleteUserByName" time="1.534">
    <failure type="java.lang.AssertionError" message="expected [200] but found [404]">
      <![CDATA[java.lang.AssertionError: expected [200] but found [404]
at api.test.DDTTesting.testDeleteUserByName(DDTTesting.java:35)
at java.base/java.util.ArrayList.forEach(ArrayList.java:1596)
... Removed 31 stack frames]]>
    </failure>
  </testcase> <!-- testDeleteUserByName -->
  <testcase classname="api.test.UserTest" name="testPostUser" time="1.806"/>
  <testcase classname="api.test.UserTest" name="testgetUser" time="1.452">
    <failure type="java.lang.AssertionError" message="expected [200] but found [404]">
      <![CDATA[java.lang.AssertionError: expected [200] but found [404]
at api.test.UserTest.testgetUser(UserTest.java:46)
at java.base/java.util.ArrayList.forEach(ArrayList.java:1596)
... Removed 31 stack frames]]>
    </failure>
  </testcase> <!-- testgetUser -->
  <testcase classname="api.test.UserTest" name="testUpdateUser" time="3.282"/>
  <testcase classname="api.test.UserTest" name="testDeleteUseer" time="1.822"/>
</testsuite> <!-- Test -->
